<?xml version="1.0" encoding="UTF-8"?>
<testng-results ignored="0" total="1" passed="1" failed="0" skipped="0">
  <reporter-output>
  </reporter-output>
  <suite started-at="2021-11-28T15:12:08 IST" name="Suite1" finished-at="2021-11-28T15:12:25 IST" duration-ms="17010">
    <groups>
    </groups>
    <test started-at="2021-11-28T15:12:08 IST" name="Regression1" finished-at="2021-11-28T15:12:25 IST" duration-ms="17010">
      <class name="TestCase.Login_TC">
        <test-method is-config="true" signature="setupMethod()[pri:0, instance:TestCase.Login_TC@2e222612]" started-at="2021-11-28T15:12:08 IST" name="setupMethod" finished-at="2021-11-28T15:12:19 IST" duration-ms="11088" status="PASS">
          <reporter-output>
          </reporter-output>
        </test-method> <!-- setupMethod -->
        <test-method signature="testMethod()[pri:0, instance:TestCase.Login_TC@2e222612]" started-at="2021-11-28T15:12:19 IST" name="testMethod" finished-at="2021-11-28T15:12:25 IST" duration-ms="5872" status="PASS">
          <reporter-output>
          </reporter-output>
        </test-method> <!-- testMethod -->
      </class> <!-- TestCase.Login_TC -->
    </test> <!-- Regression1 -->
  </suite> <!-- Suite1 -->
</testng-results>
